"../../../Engine/Content/EditorBlueprintResources/StandardMacros.uasset" 0
"../../../../../GitHub/Fire-Puzzle/FirePuzzleV1/Content/Blueprints/FIreStarter/FireStarterBase.uasset" 1
"../../../../../GitHub/Fire-Puzzle/FirePuzzleV1/Content/Materials/Utility/M_GlowingRed.uasset" 2
"../../../Engine/Content/Functions/Engine_MaterialFunctions01/Opacity/CameraDepthFade.uasset" 3
"../../../Engine/Content/EngineMaterials/T_Default_Material_Grid_M.uasset" 4
"../../../Engine/Content/EngineMaterials/T_Default_Material_Grid_N.uasset" 5
"../../../Engine/Content/EngineMaterials/WorldGridMaterial.uasset" 6
"../../../../../GitHub/Fire-Puzzle/FirePuzzleV1/Content/Geometry/Meshes/FirestarterArrow.uasset" 7
"../../../../../GitHub/Fire-Puzzle/FirePuzzleV1/Content/Blueprints/FIreStarter/FireStarter_StaticPoint.uasset" 8
"../../../../../GitHub/Fire-Puzzle/FirePuzzleV1/Content/Materials/Utility/M_TransparentRed.uasset" 9
"../../../../../GitHub/Fire-Puzzle/FirePuzzleV1/Content/Geometry/Meshes/Plane.uasset" 10
"../../../../../GitHub/Fire-Puzzle/FirePuzzleV1/Content/Blueprints/FIreStarter/FireStarterBase_Random.uasset" 11
"../../../../../GitHub/Fire-Puzzle/FirePuzzleV1/Content/Blueprints/FlammableActors/Flammable_Base.uasset" 12
"../../../../../GitHub/Fire-Puzzle/FirePuzzleV1/Content/Blueprints/FlammableActors/Flammable_Generic.uasset" 13
"../../../../../GitHub/Fire-Puzzle/FirePuzzleV1/Content/Blueprints/FlammableActors/Flammable_Special.uasset" 14
"../../../../../GitHub/Fire-Puzzle/FirePuzzleV1/Content/Blueprints/FlammableActors/Nature/Trees/Flammable_Tree.uasset" 15
"../../../../../GitHub/Fire-Puzzle/FirePuzzleV1/Content/Geometry/Meshes/CubeMaterial.uasset" 16
"../../../../../GitHub/Fire-Puzzle/FirePuzzleV1/Content/Geometry/Meshes/1M_Cube_Chamfer.uasset" 17
"../../../../../GitHub/Fire-Puzzle/FirePuzzleV1/Content/Geometry/Meshes/TemplateFloor.uasset" 18
"../../../Engine/Content/EditorBlueprintResources/ActorMacros.uasset" 19
"../../../../../GitHub/Fire-Puzzle/FirePuzzleV1/Content/Macros/CustomMacros_Array.uasset" 20
"../../../../../GitHub/Fire-Puzzle/FirePuzzleV1/Content/Mannequin/Character/Mesh/UE4_Mannequin_Skeleton.uasset" 21
"../../../../../GitHub/Fire-Puzzle/FirePuzzleV1/Content/Mannequin/Animations/ThirdPersonJump_End.uasset" 22
"../../../../../GitHub/Fire-Puzzle/FirePuzzleV1/Content/Mannequin/Animations/ThirdPerson_Jump.uasset" 23
"../../../../../GitHub/Fire-Puzzle/FirePuzzleV1/Content/Mannequin/Animations/ThirdPersonJump_Loop.uasset" 24
"../../../../../GitHub/Fire-Puzzle/FirePuzzleV1/Content/Mannequin/Animations/ThirdPersonJump_Start.uasset" 25
"../../../../../GitHub/Fire-Puzzle/FirePuzzleV1/Content/Mannequin/Animations/ThirdPersonIdle.uasset" 26
"../../../../../GitHub/Fire-Puzzle/FirePuzzleV1/Content/Mannequin/Animations/ThirdPersonRun.uasset" 27
"../../../../../GitHub/Fire-Puzzle/FirePuzzleV1/Content/Mannequin/Animations/ThirdPersonWalk.uasset" 28
"../../../../../GitHub/Fire-Puzzle/FirePuzzleV1/Content/Mannequin/Animations/ThirdPerson_IdleRun_2D.uasset" 29
"../../../../../GitHub/Fire-Puzzle/FirePuzzleV1/Content/Mannequin/Animations/ThirdPerson_AnimBP.uasset" 30
"../../../Engine/Content/Functions/Engine_MaterialFunctions02/Utility/BlendAngleCorrectedNormals.uasset" 31
"../../../Engine/Content/Functions/MaterialLayerFunctions/MatLayerBlend_NormalBlend.uasset" 32
"../../../Engine/Content/Functions/MaterialLayerFunctions/MatLayerBlend_Simple.uasset" 33
"../../../../../GitHub/Fire-Puzzle/FirePuzzleV1/Content/Mannequin/Character/Materials/MaterialLayers/T_ML_Rubber_Blue_01_D.uasset" 34
"../../../../../GitHub/Fire-Puzzle/FirePuzzleV1/Content/Mannequin/Character/Materials/MaterialLayers/T_ML_Rubber_Blue_01_N.uasset" 35
"../../../../../GitHub/Fire-Puzzle/FirePuzzleV1/Content/Mannequin/Character/Materials/MaterialLayers/ML_GlossyBlack_Latex_UE4.uasset" 36
"../../../../../GitHub/Fire-Puzzle/FirePuzzleV1/Content/Mannequin/Character/Materials/MaterialLayers/ML_Plastic_Shiny_Beige.uasset" 37
"../../../../../GitHub/Fire-Puzzle/FirePuzzleV1/Content/Mannequin/Character/Textures/UE4_LOGO_CARD.uasset" 38
"../../../../../GitHub/Fire-Puzzle/FirePuzzleV1/Content/Mannequin/Character/Materials/MaterialLayers/ML_Plastic_Shiny_Beige_LOGO.uasset" 39
"../../../../../GitHub/Fire-Puzzle/FirePuzzleV1/Content/Mannequin/Character/Materials/MaterialLayers/T_ML_Aluminum01.uasset" 40
"../../../../../GitHub/Fire-Puzzle/FirePuzzleV1/Content/Mannequin/Character/Materials/MaterialLayers/T_ML_Aluminum01_N.uasset" 41
"../../../../../GitHub/Fire-Puzzle/FirePuzzleV1/Content/Mannequin/Character/Materials/MaterialLayers/ML_SoftMetal_UE4.uasset" 42
"../../../../../GitHub/Fire-Puzzle/FirePuzzleV1/Content/Mannequin/Character/Textures/UE4_Mannequin__normals.uasset" 43
"../../../../../GitHub/Fire-Puzzle/FirePuzzleV1/Content/Mannequin/Character/Textures/UE4_Mannequin_MAT_MASKA.uasset" 44
"../../../../../GitHub/Fire-Puzzle/FirePuzzleV1/Content/Mannequin/Character/Materials/M_UE4Man_Body.uasset" 45
"../../../../../GitHub/Fire-Puzzle/FirePuzzleV1/Content/Mannequin/Character/Textures/UE4Man_Logo_N.uasset" 46
"../../../../../GitHub/Fire-Puzzle/FirePuzzleV1/Content/Mannequin/Character/Materials/M_UE4Man_ChestLogo.uasset" 47
"../../../../../GitHub/Fire-Puzzle/FirePuzzleV1/Content/Mannequin/Character/Mesh/SK_Mannequin_PhysicsAsset.uasset" 48
"../../../../../GitHub/Fire-Puzzle/FirePuzzleV1/Content/Mannequin/Character/Mesh/SK_Mannequin.uasset" 49
"../../../../../GitHub/Fire-Puzzle/FirePuzzleV1/Content/StarterContent/Materials/M_Basic_Wall.uasset" 50
"../../../../../GitHub/Fire-Puzzle/FirePuzzleV1/Content/StarterContent/Architecture/Pillar_50x500.uasset" 51
"../../../../../GitHub/Fire-Puzzle/FirePuzzleV1/Content/StarterContent/Architecture/Wall_400x300.uasset" 52
"../../../../../GitHub/Fire-Puzzle/FirePuzzleV1/Content/StarterContent/Architecture/Wall_400x400.uasset" 53
"../../../../../GitHub/Fire-Puzzle/FirePuzzleV1/Content/StarterContent/Architecture/Wall_500x500.uasset" 54
"../../../../../GitHub/Fire-Puzzle/FirePuzzleV1/Content/StarterContent/Architecture/Wall_Door_400x400.uasset" 55
"../../../../../GitHub/Fire-Puzzle/FirePuzzleV1/Content/StarterContent/Architecture/Wall_Window_400x400.uasset" 56
"../../../../../GitHub/Fire-Puzzle/FirePuzzleV1/Content/StarterContent/Audio/Collapse01.uasset" 57
"../../../../../GitHub/Fire-Puzzle/FirePuzzleV1/Content/StarterContent/Audio/Collapse02.uasset" 58
"../../../../../GitHub/Fire-Puzzle/FirePuzzleV1/Content/StarterContent/Audio/Explosion01.uasset" 59
"../../../../../GitHub/Fire-Puzzle/FirePuzzleV1/Content/StarterContent/Audio/Explosion02.uasset" 60
"../../../../../GitHub/Fire-Puzzle/FirePuzzleV1/Content/StarterContent/Audio/Fire01.uasset" 61
"../../../../../GitHub/Fire-Puzzle/FirePuzzleV1/Content/StarterContent/Audio/Fire_Sparks01.uasset" 62
"../../../../../GitHub/Fire-Puzzle/FirePuzzleV1/Content/StarterContent/Audio/Light01.uasset" 63
"../../../../../GitHub/Fire-Puzzle/FirePuzzleV1/Content/StarterContent/Audio/Light01_Cue.uasset" 64
"../../../../../GitHub/Fire-Puzzle/FirePuzzleV1/Content/StarterContent/Audio/Light02.uasset" 65
"../../../../../GitHub/Fire-Puzzle/FirePuzzleV1/Content/StarterContent/Audio/Light02_Cue.uasset" 66
"../../../../../GitHub/Fire-Puzzle/FirePuzzleV1/Content/StarterContent/Audio/Smoke01.uasset" 67
"../../../../../GitHub/Fire-Puzzle/FirePuzzleV1/Content/StarterContent/Audio/Starter_Birds01.uasset" 68
"../../../../../GitHub/Fire-Puzzle/FirePuzzleV1/Content/StarterContent/Audio/Starter_Music01.uasset" 69
"../../../../../GitHub/Fire-Puzzle/FirePuzzleV1/Content/StarterContent/Audio/Starter_Wind05.uasset" 70
"../../../../../GitHub/Fire-Puzzle/FirePuzzleV1/Content/StarterContent/Audio/Starter_Wind06.uasset" 71
"../../../../../GitHub/Fire-Puzzle/FirePuzzleV1/Content/StarterContent/Audio/Steam01.uasset" 72
"../../../../../GitHub/Fire-Puzzle/FirePuzzleV1/Content/StarterContent/Audio/Explosion_Cue.uasset" 73
"../../../../../GitHub/Fire-Puzzle/FirePuzzleV1/Content/StarterContent/Textures/T_Burst_M.uasset" 74
"../../../../../GitHub/Fire-Puzzle/FirePuzzleV1/Content/StarterContent/Particles/Materials/M_Burst.uasset" 75
"../../../../../GitHub/Fire-Puzzle/FirePuzzleV1/Content/StarterContent/Textures/T_Explosion_SubUV.uasset" 76
"../../../../../GitHub/Fire-Puzzle/FirePuzzleV1/Content/StarterContent/Particles/Materials/M_explosion_subUV.uasset" 77
"../../../../../GitHub/Fire-Puzzle/FirePuzzleV1/Content/StarterContent/Particles/Materials/m_flare_01.uasset" 78
"../../../Engine/Content/Functions/Engine_MaterialFunctions01/Gradient/RadialGradient.uasset" 79
"../../../../../GitHub/Fire-Puzzle/FirePuzzleV1/Content/StarterContent/Particles/Materials/M_radial_ramp.uasset" 80
"../../../../../GitHub/Fire-Puzzle/FirePuzzleV1/Content/StarterContent/Textures/T_Smoke_SubUV.uasset" 81
"../../../../../GitHub/Fire-Puzzle/FirePuzzleV1/Content/StarterContent/Textures/T_Smoke_Tiled_D.uasset" 82
"../../../../../GitHub/Fire-Puzzle/FirePuzzleV1/Content/StarterContent/Particles/Materials/M_smoke_subUV.uasset" 83
"../../../../../GitHub/Fire-Puzzle/FirePuzzleV1/Content/StarterContent/Particles/P_Explosion.uasset" 84
"../../../../../GitHub/Fire-Puzzle/FirePuzzleV1/Content/StarterContent/Blueprints/Blueprint_Effect_Explosion.uasset" 85
"../../../Engine/Content/EditorMeshes/ColorCalibrator/T_ColorGrid.uasset" 86
"../../../../../GitHub/Fire-Puzzle/FirePuzzleV1/Content/StarterContent/Materials/M_ColorGrid_LowSpec.uasset" 87
"../../../../../GitHub/Fire-Puzzle/FirePuzzleV1/Content/StarterContent/Textures/T_Bush_D.uasset" 88
"../../../../../GitHub/Fire-Puzzle/FirePuzzleV1/Content/StarterContent/Textures/T_Bush_N.uasset" 89
"../../../../../GitHub/Fire-Puzzle/FirePuzzleV1/Content/StarterContent/Props/Materials/M_Bush.uasset" 90
"../../../../../GitHub/Fire-Puzzle/FirePuzzleV1/Content/StarterContent/Props/SM_Bush.uasset" 91
"../../../../../GitHub/Fire-Puzzle/FirePuzzleV1/Content/StarterContent/Textures/T_Chair_M.uasset" 92
"../../../../../GitHub/Fire-Puzzle/FirePuzzleV1/Content/StarterContent/Textures/T_Chair_N.uasset" 93
"../../../../../GitHub/Fire-Puzzle/FirePuzzleV1/Content/StarterContent/Props/Materials/M_Chair.uasset" 94
"../../../../../GitHub/Fire-Puzzle/FirePuzzleV1/Content/StarterContent/Props/SM_Couch.uasset" 95
"../../../../../GitHub/Fire-Puzzle/FirePuzzleV1/Content/StarterContent/Materials/M_Glass.uasset" 96
"../../../../../GitHub/Fire-Puzzle/FirePuzzleV1/Content/StarterContent/Textures/T_Door_M.uasset" 97
"../../../../../GitHub/Fire-Puzzle/FirePuzzleV1/Content/StarterContent/Textures/T_Door_N.uasset" 98
"../../../../../GitHub/Fire-Puzzle/FirePuzzleV1/Content/StarterContent/Props/Materials/M_Door.uasset" 99
"../../../../../GitHub/Fire-Puzzle/FirePuzzleV1/Content/StarterContent/Props/SM_Door.uasset" 100
"../../../../../GitHub/Fire-Puzzle/FirePuzzleV1/Content/StarterContent/Props/Materials/M_MaterialSphere.uasset" 101
"../../../../../GitHub/Fire-Puzzle/FirePuzzleV1/Content/StarterContent/Props/Materials/M_MaterialSphere_Plain.uasset" 102
"../../../../../GitHub/Fire-Puzzle/FirePuzzleV1/Content/StarterContent/Props/SM_MatPreviewMesh_02.uasset" 103
"../../../../../GitHub/Fire-Puzzle/FirePuzzleV1/Content/StarterContent/Textures/T_Detail_Rocky_N.uasset" 104
"../../../../../GitHub/Fire-Puzzle/FirePuzzleV1/Content/StarterContent/Textures/T_Rock_Basalt_D.uasset" 105
"../../../../../GitHub/Fire-Puzzle/FirePuzzleV1/Content/StarterContent/Textures/T_RockMesh_M.uasset" 106
"../../../../../GitHub/Fire-Puzzle/FirePuzzleV1/Content/StarterContent/Textures/T_RockMesh_N.uasset" 107
"../../../../../GitHub/Fire-Puzzle/FirePuzzleV1/Content/StarterContent/Props/Materials/M_Rock.uasset" 108
"../../../../../GitHub/Fire-Puzzle/FirePuzzleV1/Content/StarterContent/Props/SM_Rock.uasset" 109
"../../../../../GitHub/Fire-Puzzle/FirePuzzleV1/Content/StarterContent/Textures/T_Shelf_M.uasset" 110
"../../../../../GitHub/Fire-Puzzle/FirePuzzleV1/Content/StarterContent/Textures/T_Shelf_N.uasset" 111
"../../../../../GitHub/Fire-Puzzle/FirePuzzleV1/Content/StarterContent/Props/Materials/M_Shelf.uasset" 112
"../../../../../GitHub/Fire-Puzzle/FirePuzzleV1/Content/StarterContent/Props/SM_Shelf.uasset" 113
"../../../../../GitHub/Fire-Puzzle/FirePuzzleV1/Content/StarterContent/Materials/M_Basic_Floor.uasset" 114
"../../../../../GitHub/Fire-Puzzle/FirePuzzleV1/Content/StarterContent/Props/SM_Stairs.uasset" 115
"../../../../../GitHub/Fire-Puzzle/FirePuzzleV1/Content/StarterContent/Shapes/Shape_Cone.uasset" 116
"../../../../../GitHub/Fire-Puzzle/FirePuzzleV1/Content/StarterContent/Shapes/Shape_Cylinder.uasset" 117
"../../../../../GitHub/Fire-Puzzle/FirePuzzleV1/Content/StarterContent/Shapes/Shape_NarrowCapsule.uasset" 118
"../../../../../GitHub/Fire-Puzzle/FirePuzzleV1/Content/StarterContent/Shapes/Shape_Pipe.uasset" 119
"../../../../../GitHub/Fire-Puzzle/FirePuzzleV1/Content/StarterContent/Shapes/Shape_Pipe_180.uasset" 120
"../../../../../GitHub/Fire-Puzzle/FirePuzzleV1/Content/StarterContent/Shapes/Shape_Pipe_90.uasset" 121
"../../../../../GitHub/Fire-Puzzle/FirePuzzleV1/Content/StarterContent/Shapes/Shape_Torus.uasset" 122
"../../../../../GitHub/Fire-Puzzle/FirePuzzleV1/Content/StarterContent/Shapes/Shape_Trim.uasset" 123
"../../../../../GitHub/Fire-Puzzle/FirePuzzleV1/Content/StarterContent/Shapes/Shape_Trim_90_In.uasset" 124
"../../../../../GitHub/Fire-Puzzle/FirePuzzleV1/Content/StarterContent/Shapes/Shape_Trim_90_Out.uasset" 125
"../../../../../GitHub/Fire-Puzzle/FirePuzzleV1/Content/StarterContent/Shapes/Shape_TriPyramid.uasset" 126
"../../../../../GitHub/Fire-Puzzle/FirePuzzleV1/Content/StarterContent/Shapes/Shape_Tube.uasset" 127
"../../../../../GitHub/Fire-Puzzle/FirePuzzleV1/Content/StarterContent/Shapes/Shape_Wedge_A.uasset" 128
"../../../../../GitHub/Fire-Puzzle/FirePuzzleV1/Content/StarterContent/Shapes/Shape_Wedge_B.uasset" 129
"../../../../../GitHub/Fire-Puzzle/FirePuzzleV1/Content/StarterContent/Shapes/Shape_WideCapsule.uasset" 130
"../../../../../GitHub/Fire-Puzzle/FirePuzzleV1/Content/VFX/VFXMaterials/M_Flames.uasset" 131
"../../../../../GitHub/Fire-Puzzle/FirePuzzleV1/Content/VFX/VFXParticles/Fire/P_FireMedium.uasset" 132
"../../../Engine/Content/ArtTools/RenderToTexture/Meshes/S_1_Unit_Plane.uasset" 133
"../../../Engine/Content/EngineMaterials/DefaultMaterial.uasset" 134
"../../../Engine/Content/BasicShapes/Cone.uasset" 135
"../../../Engine/Content/BasicShapes/Cube.uasset" 136
"../../../Engine/Content/BasicShapes/Cylinder.uasset" 137
"../../../Engine/Content/BasicShapes/Plane.uasset" 138
"../../../Engine/Content/BasicShapes/Sphere.uasset" 139
"../../../Engine/Content/EditorLandscapeResources/DataLayer.uasset" 140
"../../../Engine/Content/EditorMaterials/GizmoMaterial.uasset" 141
"../../../Engine/Content/EditorMaterials/MAT_Groups_Toggle.uasset" 142
"../../../Engine/Content/EditorMaterials/MAT_Groups_Visibility.uasset" 143
"../../../Engine/Content/EditorMaterials/PreviewShadowIndicator.uasset" 144
"../../../Engine/Content/EditorMaterials/PreviewShadowIndicatorMaterial.uasset" 145
"../../../Engine/Content/EditorMaterials/MatineeGroups/MAT_ColorTrack.uasset" 146
"../../../Engine/Content/EditorMaterials/MatineeGroups/MAT_Groups_Anim.uasset" 147
"../../../Engine/Content/EditorMaterials/MatineeGroups/MAT_Groups_AudioMaster.uasset" 148
"../../../Engine/Content/EditorMaterials/MatineeGroups/MAT_Groups_Director.uasset" 149
"../../../Engine/Content/EditorMaterials/MatineeGroups/MAT_Groups_Event.uasset" 150
"../../../Engine/Content/EditorMaterials/MatineeGroups/MAT_Groups_Fade.uasset" 151
"../../../Engine/Content/EditorMaterials/MatineeGroups/MAT_Groups_Float.uasset" 152
"../../../Engine/Content/EditorMaterials/MatineeGroups/MAT_Groups_Move.uasset" 153
"../../../Engine/Content/EditorMaterials/MatineeGroups/MAT_Groups_Slomo.uasset" 154
"../../../Engine/Content/EditorMaterials/MatineeGroups/MAT_Groups_Sound.uasset" 155
"../../../Engine/Content/EditorMaterials/MatineeGroups/MAT_Groups_Vector.uasset" 156
"../../../Engine/Content/EditorMaterials/ParticleSystems/PSysThumbnail_NoImage.uasset" 157
"../../../Engine/Content/EditorMaterials/ParticleSystems/PSysThumbnail_OOD.uasset" 158
"../../../Engine/Content/EditorMaterials/Camera/CineMat.uasset" 159
"../../../Engine/Content/EditorMaterials/Camera/MI_CineMat_Rig.uasset" 160
"../../../Engine/Content/EditorMeshes/Camera/SM_CraneRig_Arm.uasset" 161
"../../../Engine/Content/EditorMeshes/Camera/SM_CraneRig_Base.uasset" 162
"../../../Engine/Content/EditorMeshes/Camera/SM_CraneRig_Body.uasset" 163
"../../../Engine/Content/EditorMeshes/Camera/SM_CraneRig_Mount.uasset" 164
"../../../Engine/Content/EditorMeshes/Camera/SM_RailRig_Mount.uasset" 165
"../../../Engine/Content/EditorMeshes/Camera/SM_RailRig_Track.uasset" 166
"../../../Engine/Content/EditorResources/BSPVertex.uasset" 167
"../../../Engine/Content/EditorResources/EmptyActor.uasset" 168
"../../../Engine/Content/EditorResources/S_Actor.uasset" 169
"../../../Engine/Content/EditorResources/S_Trigger.uasset" 170
"../../../Engine/Content/EditorResources/AudioIcons/S_AudioComponent.uasset" 171
"../../../Engine/Content/EditorResources/AudioIcons/S_AudioComponent_AutoActivate.uasset" 172
"../../../Engine/Content/EditorResources/LightIcons/S_LightError.uasset" 173
"../../../Engine/Content/EditorResources/SequenceRecorder/Countdown.uasset" 174
"../../../Engine/Content/EditorResources/SequenceRecorder/RecordingIndicator.uasset" 175
"../../../Engine/Content/EditorSounds/Notifications/CompileFailed.uasset" 176
"../../../Engine/Content/EditorSounds/Notifications/CompileFailed_Cue.uasset" 177
"../../../Engine/Content/EditorSounds/Notifications/CompileSuccess.uasset" 178
"../../../Engine/Content/EditorSounds/Notifications/CompileStart_Cue.uasset" 179
"../../../Engine/Content/EditorSounds/Notifications/CompileSuccess_Cue.uasset" 180
"../../../Engine/Content/EngineDamageTypes/DmgTypeBP_Environmental.uasset" 181
"../../../Engine/Content/EngineDebugMaterials/HeatmapGradient.uasset" 182
"../../../Engine/Content/EngineDebugMaterials/BoneWeightMaterial.uasset" 183
"../../../Engine/Content/EngineDebugMaterials/ClothMaterial.uasset" 184
"../../../Engine/Content/EngineDebugMaterials/ClothMaterial_WF.uasset" 185
"../../../Engine/Content/EngineDebugMaterials/DebugEditorMaterial.uasset" 186
"../../../Engine/Content/EngineDebugMaterials/DebugMeshMaterial.uasset" 187
"../../../Engine/Content/EngineDebugMaterials/GeomMaterial.uasset" 188
"../../../Engine/Content/EngineDebugMaterials/M_SimpleTranslucent.uasset" 189
"../../../Engine/Content/EngineFonts/Faces/RobotoBold.uasset" 190
"../../../Engine/Content/EngineFonts/Faces/RobotoBoldItalic.uasset" 191
"../../../Engine/Content/EngineFonts/Faces/RobotoItalic.uasset" 192
"../../../Engine/Content/EngineFonts/Faces/RobotoLight.uasset" 193
"../../../Engine/Content/EngineFonts/Faces/RobotoRegular.uasset" 194
"../../../Engine/Content/EngineFonts/Roboto.uasset" 195
"../../../Engine/Content/EngineFonts/Faces/RobotoTiny.uasset" 196
"../../../Engine/Content/EngineFonts/RobotoTiny.uasset" 197
"../../../Engine/Content/EngineMaterials/BaseFlattenDiffuseMap.uasset" 198
"../../../Engine/Content/EngineMaterials/BaseFlattenEmissiveMap.uasset" 199
"../../../Engine/Content/EngineMaterials/BaseFlattenGrayscaleMap.uasset" 200
"../../../Engine/Content/EngineMaterials/BaseFlattenNormalMap.uasset" 201
"../../../Engine/Content/EngineMaterials/BaseFlattenMaterial.uasset" 202
"../../../Engine/Content/EngineMaterials/DefaultBloomKernel.uasset" 203
"../../../Engine/Content/EngineMaterials/DefaultBokeh.uasset" 204
"../../../Engine/Content/EngineMaterials/DefaultDiffuse.uasset" 205
"../../../Engine/Content/EngineMaterials/DefaultDeferredDecalMaterial.uasset" 206
"../../../Engine/Content/EngineMaterials/DefaultLightFunctionMaterial.uasset" 207
"../../../Engine/Content/EngineMaterials/DefaultPhysicalMaterial.uasset" 208
"../../../Engine/Content/Functions/Engine_MaterialFunctions02/Utility/BreakOutFloat2Components.uasset" 209
"../../../Engine/Content/EngineMaterials/DefaultPostProcessMaterial.uasset" 210
"../../../Engine/Content/EngineFonts/RobotoDistanceField.uasset" 211
"../../../Engine/Content/EngineMaterials/DefaultTextMaterialOpaque.uasset" 212
"../../../Engine/Content/EngineMaterials/DefaultWhiteGrid.uasset" 213
"../../../Engine/Content/EngineMaterials/EditorBrushMaterial.uasset" 214
"../../../Engine/Content/EngineMaterials/Good64x64TilingNoiseHighFreq.uasset" 215
"../../../Engine/Content/EngineMaterials/MiniFont.uasset" 216
"../../../Engine/Content/EngineMaterials/InvalidLightmapSettings.uasset" 217
"../../../Engine/Content/EngineMaterials/M_InvalidLightmapSettings.uasset" 218
"../../../Engine/Content/Functions/Engine_MaterialFunctions02/WorldPositionOffset/CameraOffset.uasset" 219
"../../../Engine/Content/EngineMaterials/PhAT_JointLimitMaterial.uasset" 220
"../../../Engine/Content/EngineMaterials/PreintegratedSkinBRDF.uasset" 221
"../../../Engine/Content/EngineMaterials/RemoveSurfaceMaterial.uasset" 222
"../../../Engine/Content/EngineMaterials/WeightMapPlaceholderTexture.uasset" 223
"../../../Engine/Content/EngineResources/WhiteSquareTexture.uasset" 224
"../../../Engine/Content/EngineMaterials/Widget3DPassThrough.uasset" 225
"../../../Engine/Content/EngineMaterials/Widget3DPassThrough_Masked.uasset" 226
"../../../Engine/Content/EngineMaterials/Widget3DPassThrough_Opaque.uasset" 227
"../../../Engine/Content/EngineMaterials/Widget3DPassThrough_Masked_OneSided.uasset" 228
"../../../Engine/Content/EngineMaterials/Widget3DPassThrough_Opaque_OneSided.uasset" 229
"../../../Engine/Content/EngineMaterials/Widget3DPassThrough_Translucent.uasset" 230
"../../../Engine/Content/EngineMaterials/Widget3DPassThrough_Translucent_OneSided.uasset" 231
"../../../Engine/Content/EngineMeshes/Cylinder.uasset" 232
"../../../Engine/Content/EngineMeshes/Sphere.uasset" 233
"../../../Engine/Content/EngineResources/Black.uasset" 234
"../../../Engine/Content/EngineResources/DefaultTexture.uasset" 235
"../../../Engine/Content/EngineResources/DefaultTextureCube.uasset" 236
"../../../Engine/Content/EngineResources/DefaultVolumeTexture2D.uasset" 237
"../../../Engine/Content/EngineResources/DefaultVolumeTexture.uasset" 238
"../../../Engine/Content/EngineResources/GradientTexture0.uasset" 239
"../../../Engine/Content/EngineSounds/Master.uasset" 240
"../../../Engine/Content/Functions/Engine_MaterialFunctions01/Shading/ConvertFromDiffSpec.uasset" 241
"../../../Engine/Content/Functions/Engine_MaterialFunctions01/Shading/PowerToRoughness.uasset" 242
"../../../Engine/Content/Maps/Templates/Thumbnails/Default.uasset" 243
"../../../Engine/Content/Maps/Templates/Thumbnails/VR-Basic.uasset" 244
"../../../Engine/Content/MobileResources/T_MobileControls_texture.uasset" 245
"../../../Engine/Content/MobileResources/T_MobileMenu2.uasset" 246
"../../../Engine/Content/MobileResources/HUD/AnalogHat.uasset" 247
"../../../Engine/Content/MobileResources/HUD/VirtualJoystick_Background.uasset" 248
"../../../Engine/Content/MobileResources/HUD/VirtualJoystick_Thumb.uasset" 249
"../../../Engine/Content/MobileResources/HUD/DefaultVirtualJoysticks.uasset" 250
"../../../Engine/Content/MobileResources/HUD/LeftVirtualJoystickOnly.uasset" 251
"../../../Engine/Content/MobileResources/HUD/MobileHUDButton1_off.uasset" 252
"../../../Engine/Content/MobileResources/HUD/MobileHUDButton1_on.uasset" 253
"../../../Engine/Content/MobileResources/HUD/MobileHUDButton2_off.uasset" 254
"../../../Engine/Content/MobileResources/HUD/MobileHUDButton2_on.uasset" 255
"../../../Engine/Content/MobileResources/HUD/MobileHUDButton3.uasset" 256
"../../../Engine/Content/MobileResources/HUD/MobileHUDButtonFire.uasset" 257
"../../../Engine/Content/MobileResources/HUD/MobileHUDDirectionPad.uasset" 258
"../../../Engine/Content/MobileResources/HUD/MobileHUDDirectionPad2.uasset" 259
"../../../Engine/Content/MobileResources/HUD/MobileHUDDirectionPad3.uasset" 260
"../../../Engine/Content/MobileResources/HUD/MobileHUDDirectionStick.uasset" 261
"../../../Engine/Content/MobileResources/HUD/T_Castle_ThumbstickInner.uasset" 262
"../../../Engine/Content/MobileResources/HUD/T_Castle_ThumbstickOutter.uasset" 263
"../../../Engine/Content/Tutorial/ContentIntroCurve.uasset" 264
"../../../Engine/Content/Tutorial/Basics/TutorialAssets/icon_tab_Levels_40x.uasset" 265
"../../../Engine/Content/Tutorial/BlueprintTutorials/TutorialAssets/Blueprint_64x.uasset" 266
"../../../Engine/Content/Tutorial/Landscape/TutorialAssets/Landscape.uasset" 267
"../../../Engine/Content/VREditor/LaserPointer/VR_LaserPower_01.uasset" 268
"../../../Engine/Content/VREditor/TransformGizmo/TransformGizmoMaterial.uasset" 269
"../../../Engine/Content/VREditor/TransformGizmo/TranslucentTransformGizmoMaterial.uasset" 270
"../../../Engine/Content/VREditor/TransformGizmo/BoundingBoxCorner.uasset" 271
"../../../Engine/Content/VREditor/TransformGizmo/BoundingBoxEdge.uasset" 272
"../../../Engine/Content/VREditor/TransformGizmo/PlaneTranslationHandle.uasset" 273
"../../../Engine/Content/VREditor/TransformGizmo/Main.uasset" 274
"../../../Engine/Content/VREditor/TransformGizmo/Xray.uasset" 275
"../../../Engine/Content/VREditor/TransformGizmo/SM_Sequencer_Key.uasset" 276
"../../../Engine/Content/VREditor/TransformGizmo/SM_Sequencer_Node.uasset" 277
"../../Plugins/2D/Paper2D/Content/PlaceholderTextures/DummySpriteTexture.uasset" 278
"../../Plugins/2D/Paper2D/Content/DummySprite.uasset" 279
"../../Plugins/2D/Paper2D/Content/DefaultPaperTerrainMaterial.uasset" 280
"../../Plugins/2D/Paper2D/Content/DefaultSpriteMaterial.uasset" 281
"../../Plugins/2D/Paper2D/Content/MaskedUnlitSpriteMaterial.uasset" 282
"../../Plugins/2D/Paper2D/Content/OpaqueUnlitSpriteMaterial.uasset" 283
"../../Plugins/Runtime/Oculus/OculusVR/Content/Materials/PokeAHoleMaterial.uasset" 284
"../../Plugins/Runtime/Oculus/OculusVR/Content/Textures/GearVRController_AO.uasset" 285
"../../Plugins/Runtime/Oculus/OculusVR/Content/Textures/GearVRController_Color.uasset" 286
"../../Plugins/Runtime/Oculus/OculusVR/Content/Textures/GearVRController_Normal.uasset" 287
"../../Plugins/Runtime/Oculus/OculusVR/Content/Materials/GearVRControllerMaterial.uasset" 288
"../../Plugins/Runtime/Oculus/OculusVR/Content/Meshes/GearVrController.uasset" 289
"../../Plugins/Runtime/Oculus/OculusVR/Content/Textures/touchController_albedo.uasset" 290
"../../Plugins/Runtime/Oculus/OculusVR/Content/Textures/touchController_controlmap.uasset" 291
"../../Plugins/Runtime/Oculus/OculusVR/Content/Materials/touchController_mat.uasset" 292
"../../Plugins/Runtime/Oculus/OculusVR/Content/Meshes/LeftTouchController.uasset" 293
"../../Plugins/Runtime/Oculus/OculusVR/Content/Meshes/RiftHMD.uasset" 294
"../../Plugins/Runtime/Oculus/OculusVR/Content/Meshes/RightTouchController.uasset" 295
"../../../../../GitHub/Fire-Puzzle/FirePuzzleV1/Content/PlayerStart.uasset" 296
"../../../Engine/Content/EngineSky/C_Sky_Cloud_Color.uasset" 297
"../../../Engine/Content/EngineSky/C_Sky_Horizon_Color.uasset" 298
"../../../Engine/Content/EngineSky/C_Sky_Zenith_Color.uasset" 299
"../../../Engine/Content/EngineSky/T_Sky_Blue.uasset" 300
"../../../Engine/Content/EngineSky/T_Sky_Clouds_M.uasset" 301
"../../../Engine/Content/EngineSky/T_Sky_Stars.uasset" 302
"../../../Engine/Content/EngineSky/M_Sky_Panning_Clouds2.uasset" 303
"../../../Engine/Content/EngineSky/SM_SkySphere.uasset" 304
"../../../Engine/Content/EngineSky/BP_Sky_Sphere.uasset" 305
"../../../../../GitHub/Fire-Puzzle/FirePuzzleV1/Content/Materials/PlaceHolder/M_GenericBuilding.uasset" 306
"../../../../../GitHub/Fire-Puzzle/FirePuzzleV1/Content/Geometry/Meshes/PlaceHolder/PlaceHolder_House.uasset" 307
"../../../../../GitHub/Fire-Puzzle/FirePuzzleV1/Content/Materials/PlaceHolder/M_Ash.uasset" 308
"../../../../../GitHub/Fire-Puzzle/FirePuzzleV1/Content/Geometry/Meshes/PlaceHolder/PlaceHolder_HouseDestroyed.uasset" 309
"../../../../../GitHub/Fire-Puzzle/FirePuzzleV1/Content/Blueprints/FlammableActors/Buildings/Flammable_BuildingTest.uasset" 310
"../../../../../GitHub/Fire-Puzzle/FirePuzzleV1/Content/Blueprints/TileSystem/Tile.uasset" 311
"../../../../../GitHub/Fire-Puzzle/FirePuzzleV1/Content/Blueprints/TileSystem/TileDataStruct.uasset" 312
"../../../../../GitHub/Fire-Puzzle/FirePuzzleV1/Content/Blueprints/TileSystem/Chunk_Base.uasset" 313
"../../../../../GitHub/Fire-Puzzle/FirePuzzleV1/Content/Blueprints/TileSystem/ChunkTypes/Chunk_Test.uasset" 314
"../../../../../GitHub/Fire-Puzzle/FirePuzzleV1/Content/Blueprints/TileSystem/2DArrayIndexStruct.uasset" 315
"../../../../../GitHub/Fire-Puzzle/FirePuzzleV1/Content/Blueprints/TileSystem/TileFireParticlesStruct.uasset" 316
"../../../../../GitHub/Fire-Puzzle/FirePuzzleV1/Content/Player/MyCam.uasset" 317
"../../../../../GitHub/Fire-Puzzle/FirePuzzleV1/Content/Player/EAbility.uasset" 318
"../../../../../GitHub/Fire-Puzzle/FirePuzzleV1/Content/Player/ECameraScroll.uasset" 319
"../../../../../GitHub/Fire-Puzzle/FirePuzzleV1/Content/Player/EInputType.uasset" 320
"../../../../../GitHub/Fire-Puzzle/FirePuzzleV1/Content/Player/MyPlayerController.uasset" 321
"../../../../../GitHub/Fire-Puzzle/FirePuzzleV1/Content/CriticalStuff/Blueprints/ThirdPersonGameMode.uasset" 322
"../../../../../GitHub/Fire-Puzzle/FirePuzzleV1/Content/VFX/VFXMaterials/M_DecalMaterial.uasset" 323
"../../../../../GitHub/Fire-Puzzle/FirePuzzleV1/Content/VFX/VFXMaterials/M_HighlightGradient.uasset" 324
"../../../../../GitHub/Fire-Puzzle/FirePuzzleV1/Content/VFX/VFXModels/HighlightCube.uasset" 325
"../../../../../GitHub/Fire-Puzzle/FirePuzzleV1/Content/VFX/TileHighlight.uasset" 326
"../../../../../GitHub/Fire-Puzzle/FirePuzzleV1/Content/Geometry/Meshes/1M_Cube.uasset" 327
"../../../../../GitHub/Fire-Puzzle/FirePuzzleV1/Content/StarterContent/Shapes/Shape_Plane.uasset" 328
"../../../Engine/Content/Functions/Engine_MaterialFunctions01/Density/ExponentialDensity.uasset" 329
"../../../Engine/Content/Functions/Engine_MaterialFunctions01/Gradient/LinearGradient.uasset" 330
"../../../Engine/Content/Functions/Engine_MaterialFunctions01/Gradient/RadialGradientExponential.uasset" 331
"../../../../../GitHub/Fire-Puzzle/FirePuzzleV1/Content/VFX/VFXTextures/FlameBaseMask2.uasset" 332
"../../../../../GitHub/Fire-Puzzle/FirePuzzleV1/Content/VFX/VFXTextures/FlameShapeMask2.uasset" 333
"../../../../../GitHub/Fire-Puzzle/FirePuzzleV1/Content/VFX/VFXTextures/Test5.uasset" 334
"../../../../../GitHub/Fire-Puzzle/FirePuzzleV1/Content/VFX/VFXTextures/TextureTest.uasset" 335
"../../../../../GitHub/Fire-Puzzle/FirePuzzleV1/Content/VFX/VFXMaterials/M_Fire1.uasset" 336
"../../../../../GitHub/Fire-Puzzle/FirePuzzleV1/Content/VFX/VFXParticles/Fire/P_FireGround.uasset" 337
"../../../../../GitHub/Fire-Puzzle/FirePuzzleV1/Content/Blueprints/TileSystem/GameGrid.uasset" 338
"../../../../../GitHub/Fire-Puzzle/FirePuzzleV1/Content/CriticalStuff/Maps/Map_BuiltData.uasset" 339
"../../../../../GitHub/Fire-Puzzle/FirePuzzleV1/Content/Blueprints/UI/pause.uasset" 340
"../../../../../GitHub/Fire-Puzzle/FirePuzzleV1/Content/Blueprints/UI/Tooltip.uasset" 341
"../../../../../GitHub/Fire-Puzzle/FirePuzzleV1/Content/Textures/Icons/Dic_Icon_v2.uasset" 342
"../../../../../GitHub/Fire-Puzzle/FirePuzzleV1/Content/Textures/Icons/Firetruck_Icon_v2.uasset" 343
"../../../../../GitHub/Fire-Puzzle/FirePuzzleV1/Content/Blueprints/UI/UI.uasset" 344
"../../../../../GitHub/Fire-Puzzle/FirePuzzleV1/Content/CriticalStuff/Maps/Map.umap" 345
"../../../../../GitHub/Fire-Puzzle/FirePuzzleV1/Content/StarterContent/Blueprints/Assets/FogBrightnessLUT.uasset" 346
"../../../../../GitHub/Fire-Puzzle/FirePuzzleV1/Content/StarterContent/Blueprints/Assets/SunlightColorLUT.uasset" 347
"../../../../../GitHub/Fire-Puzzle/FirePuzzleV1/Content/StarterContent/Blueprints/Assets/M_LightStage_Arrows.uasset" 348
"../../../Engine/Content/MapTemplates/Sky/DaylightAmbientCubemap.uasset" 349
"../../../../../GitHub/Fire-Puzzle/FirePuzzleV1/Content/StarterContent/Blueprints/Assets/M_LightStage_Skybox_Master.uasset" 350
"../../../../../GitHub/Fire-Puzzle/FirePuzzleV1/Content/StarterContent/Blueprints/Assets/M_LightStage_Skybox_Black.uasset" 351
"../../../../../GitHub/Fire-Puzzle/FirePuzzleV1/Content/StarterContent/Blueprints/Assets/M_LightStage_Skybox_HDRI.uasset" 352
"../../../Engine/Content/EditorMaterials/Thumbnails/SkySphereMaterial.uasset" 353
"../../../../../GitHub/Fire-Puzzle/FirePuzzleV1/Content/StarterContent/Blueprints/Assets/Skybox.uasset" 354
"../../../../../GitHub/Fire-Puzzle/FirePuzzleV1/Content/StarterContent/Blueprints/Assets/SM_Arrows.uasset" 355
"../../../../../GitHub/Fire-Puzzle/FirePuzzleV1/Content/StarterContent/HDRI/HDRI_Epic_Courtyard_Daylight.uasset" 356
"../../../../../GitHub/Fire-Puzzle/FirePuzzleV1/Content/StarterContent/Blueprints/BP_LightStudio.uasset" 357
"../../../../../GitHub/Fire-Puzzle/FirePuzzleV1/Content/StarterContent/Maps/Advanced_Lighting_BuiltData.uasset" 358
"../../../../../GitHub/Fire-Puzzle/FirePuzzleV1/Content/StarterContent/Materials/M_AssetPlatform.uasset" 359
"../../../Engine/Content/EditorMeshes/ColorCalibrator/M_ChromeBall.uasset" 360
"../../../Engine/Content/EditorMeshes/ColorCalibrator/M_ClearCoat.uasset" 361
"../../../Engine/Content/EditorMeshes/ColorCalibrator/M_ClearCoatBlack.uasset" 362
"../../../Engine/Content/EditorMeshes/ColorCalibrator/Color_checker.uasset" 363
"../../../Engine/Content/EditorMeshes/ColorCalibrator/M_ColorGrid.uasset" 364
"../../../Engine/Content/EditorMeshes/ColorCalibrator/M_GreyBall.uasset" 365
"../../../Engine/Content/EditorMeshes/ColorCalibrator/SM_ColorCalibrator.uasset" 366
"../../../../../GitHub/Fire-Puzzle/FirePuzzleV1/Content/StarterContent/Architecture/SM_AssetPlatform.uasset" 367
"../../../../../GitHub/Fire-Puzzle/FirePuzzleV1/Content/StarterContent/Maps/Advanced_Lighting.umap" 368
"../../../../../GitHub/Fire-Puzzle/FirePuzzleV1/Content/StarterContent/Maps/Minimal_Default_BuiltData.uasset" 369
"../../../../../GitHub/Fire-Puzzle/FirePuzzleV1/Content/StarterContent/Textures/T_MacroVariation.uasset" 370
"../../../../../GitHub/Fire-Puzzle/FirePuzzleV1/Content/StarterContent/Materials/M_Metal_Brushed_Nickel.uasset" 371
"../../../../../GitHub/Fire-Puzzle/FirePuzzleV1/Content/StarterContent/Textures/T_Metal_Aluminum_D.uasset" 372
"../../../../../GitHub/Fire-Puzzle/FirePuzzleV1/Content/StarterContent/Textures/T_Metal_Gold_N.uasset" 373
"../../../../../GitHub/Fire-Puzzle/FirePuzzleV1/Content/StarterContent/Materials/M_Metal_Burnished_Steel.uasset" 374
"../../../../../GitHub/Fire-Puzzle/FirePuzzleV1/Content/StarterContent/Textures/T_Metal_Copper_D.uasset" 375
"../../../../../GitHub/Fire-Puzzle/FirePuzzleV1/Content/StarterContent/Materials/M_Metal_Copper.uasset" 376
"../../../../../GitHub/Fire-Puzzle/FirePuzzleV1/Content/StarterContent/Textures/T_Statue_M.uasset" 377
"../../../../../GitHub/Fire-Puzzle/FirePuzzleV1/Content/StarterContent/Textures/T_Statue_N.uasset" 378
"../../../../../GitHub/Fire-Puzzle/FirePuzzleV1/Content/StarterContent/Props/Materials/M_StatueGlass.uasset" 379
"../../../../../GitHub/Fire-Puzzle/FirePuzzleV1/Content/StarterContent/Architecture/Floor_400x400.uasset" 380
"../../../../../GitHub/Fire-Puzzle/FirePuzzleV1/Content/StarterContent/Audio/Starter_Background_Cue.uasset" 381
"../../../../../GitHub/Fire-Puzzle/FirePuzzleV1/Content/StarterContent/Props/SM_Chair.uasset" 382
"../../../../../GitHub/Fire-Puzzle/FirePuzzleV1/Content/StarterContent/Props/Materials/M_Statue.uasset" 383
"../../../../../GitHub/Fire-Puzzle/FirePuzzleV1/Content/StarterContent/Props/SM_Statue.uasset" 384
"../../../../../GitHub/Fire-Puzzle/FirePuzzleV1/Content/StarterContent/Textures/T_TableRound_M.uasset" 385
"../../../../../GitHub/Fire-Puzzle/FirePuzzleV1/Content/StarterContent/Textures/T_TableRound_N.uasset" 386
"../../../../../GitHub/Fire-Puzzle/FirePuzzleV1/Content/StarterContent/Props/Materials/M_TableRound.uasset" 387
"../../../../../GitHub/Fire-Puzzle/FirePuzzleV1/Content/StarterContent/Props/SM_TableRound.uasset" 388
"../../../../../GitHub/Fire-Puzzle/FirePuzzleV1/Content/StarterContent/Maps/Minimal_Default.umap" 389
"../../../../../GitHub/Fire-Puzzle/FirePuzzleV1/Content/StarterContent/Audio/Fire01_Cue.uasset" 390
"../../../../../GitHub/Fire-Puzzle/FirePuzzleV1/Content/StarterContent/Textures/T_Fire_SubUV.uasset" 391
"../../../../../GitHub/Fire-Puzzle/FirePuzzleV1/Content/StarterContent/Textures/T_Fire_Tiled_D.uasset" 392
"../../../../../GitHub/Fire-Puzzle/FirePuzzleV1/Content/StarterContent/Particles/Materials/M_Fire_SubUV.uasset" 393
"../../../../../GitHub/Fire-Puzzle/FirePuzzleV1/Content/StarterContent/Textures/T_Water_N.uasset" 394
"../../../../../GitHub/Fire-Puzzle/FirePuzzleV1/Content/StarterContent/Particles/Materials/M_Heat_Distortion.uasset" 395
"../../../../../GitHub/Fire-Puzzle/FirePuzzleV1/Content/StarterContent/Particles/Materials/M_Radial_Gradient.uasset" 396
"../../../../../GitHub/Fire-Puzzle/FirePuzzleV1/Content/StarterContent/Particles/P_Fire.uasset" 397
"../../../../../GitHub/Fire-Puzzle/FirePuzzleV1/Content/StarterContent/Blueprints/Blueprint_Effect_Fire.uasset" 398
"../../../../../GitHub/Fire-Puzzle/FirePuzzleV1/Content/StarterContent/Audio/Smoke01_Cue.uasset" 399
"../../../../../GitHub/Fire-Puzzle/FirePuzzleV1/Content/StarterContent/Particles/P_Smoke.uasset" 400
"../../../../../GitHub/Fire-Puzzle/FirePuzzleV1/Content/StarterContent/Blueprints/Blueprint_Effect_Smoke.uasset" 401
"../../../../../GitHub/Fire-Puzzle/FirePuzzleV1/Content/StarterContent/Audio/Fire_Sparks01_Cue.uasset" 402
"../../../../../GitHub/Fire-Puzzle/FirePuzzleV1/Content/StarterContent/Textures/T_Spark_Core.uasset" 403
"../../../../../GitHub/Fire-Puzzle/FirePuzzleV1/Content/StarterContent/Particles/Materials/M_Spark.uasset" 404
"../../../../../GitHub/Fire-Puzzle/FirePuzzleV1/Content/StarterContent/Particles/P_Sparks.uasset" 405
"../../../../../GitHub/Fire-Puzzle/FirePuzzleV1/Content/StarterContent/Blueprints/Blueprint_Effect_Sparks.uasset" 406
"../../../../../GitHub/Fire-Puzzle/FirePuzzleV1/Content/StarterContent/Audio/Steam01_Cue.uasset" 407
"../../../../../GitHub/Fire-Puzzle/FirePuzzleV1/Content/StarterContent/Particles/P_Steam_Lit.uasset" 408
"../../../../../GitHub/Fire-Puzzle/FirePuzzleV1/Content/StarterContent/Blueprints/Blueprint_Effect_Steam.uasset" 409
"../../../../../GitHub/Fire-Puzzle/FirePuzzleV1/Content/StarterContent/Textures/T_Lamp_M.uasset" 410
"../../../../../GitHub/Fire-Puzzle/FirePuzzleV1/Content/StarterContent/Textures/T_Lamp_N.uasset" 411
"../../../../../GitHub/Fire-Puzzle/FirePuzzleV1/Content/StarterContent/Props/Materials/M_Lamp.uasset" 412
"../../../../../GitHub/Fire-Puzzle/FirePuzzleV1/Content/StarterContent/Props/SM_Lamp_Ceiling.uasset" 413
"../../../../../GitHub/Fire-Puzzle/FirePuzzleV1/Content/StarterContent/Blueprints/Blueprint_CeilingLight.uasset" 414
"../../../../../GitHub/Fire-Puzzle/FirePuzzleV1/Content/StarterContent/Props/SM_Lamp_Wall.uasset" 415
"../../../../../GitHub/Fire-Puzzle/FirePuzzleV1/Content/StarterContent/Blueprints/Blueprint_WallSconce.uasset" 416
"../../../../../GitHub/Fire-Puzzle/FirePuzzleV1/Content/StarterContent/Maps/StarterMap_BuiltData.uasset" 417
"../../../Engine/Content/Functions/Engine_MaterialFunctions03/Procedurals/ComputeFilterWidth.uasset" 418
"../../../Engine/Content/EngineMaterials/AntiAliasedTextMaterialTranslucent.uasset" 419
"../../../../../GitHub/Fire-Puzzle/FirePuzzleV1/Content/StarterContent/Textures/T_Brick_Clay_Beveled_D.uasset" 420
"../../../../../GitHub/Fire-Puzzle/FirePuzzleV1/Content/StarterContent/Textures/T_Brick_Clay_Beveled_M.uasset" 421
"../../../../../GitHub/Fire-Puzzle/FirePuzzleV1/Content/StarterContent/Textures/T_Brick_Clay_Beveled_N.uasset" 422
"../../../../../GitHub/Fire-Puzzle/FirePuzzleV1/Content/StarterContent/Materials/M_Brick_Clay_Beveled.uasset" 423
"../../../../../GitHub/Fire-Puzzle/FirePuzzleV1/Content/StarterContent/Textures/T_Brick_Clay_New_D.uasset" 424
"../../../../../GitHub/Fire-Puzzle/FirePuzzleV1/Content/StarterContent/Textures/T_Brick_Clay_New_M.uasset" 425
"../../../../../GitHub/Fire-Puzzle/FirePuzzleV1/Content/StarterContent/Textures/T_Brick_Clay_New_N.uasset" 426
"../../../../../GitHub/Fire-Puzzle/FirePuzzleV1/Content/StarterContent/Materials/M_Brick_Clay_New.uasset" 427
"../../../../../GitHub/Fire-Puzzle/FirePuzzleV1/Content/StarterContent/Textures/T_Brick_Clay_Old_D.uasset" 428
"../../../../../GitHub/Fire-Puzzle/FirePuzzleV1/Content/StarterContent/Textures/T_Brick_Clay_Old_N.uasset" 429
"../../../../../GitHub/Fire-Puzzle/FirePuzzleV1/Content/StarterContent/Textures/T_Perlin_Noise_M.uasset" 430
"../../../../../GitHub/Fire-Puzzle/FirePuzzleV1/Content/StarterContent/Materials/M_Brick_Clay_Old.uasset" 431
"../../../../../GitHub/Fire-Puzzle/FirePuzzleV1/Content/StarterContent/Textures/T_Brick_Cut_Stone_D.uasset" 432
"../../../../../GitHub/Fire-Puzzle/FirePuzzleV1/Content/StarterContent/Textures/T_Brick_Cut_Stone_N.uasset" 433
"../../../../../GitHub/Fire-Puzzle/FirePuzzleV1/Content/StarterContent/Materials/M_Brick_Cut_Stone.uasset" 434
"../../../../../GitHub/Fire-Puzzle/FirePuzzleV1/Content/StarterContent/Textures/T_Brick_Hewn_Stone_D.uasset" 435
"../../../../../GitHub/Fire-Puzzle/FirePuzzleV1/Content/StarterContent/Textures/T_Brick_Hewn_Stone_M.uasset" 436
"../../../../../GitHub/Fire-Puzzle/FirePuzzleV1/Content/StarterContent/Textures/T_Brick_Hewn_Stone_N.uasset" 437
"../../../../../GitHub/Fire-Puzzle/FirePuzzleV1/Content/StarterContent/Materials/M_Brick_Hewn_Stone.uasset" 438
"../../../../../GitHub/Fire-Puzzle/FirePuzzleV1/Content/StarterContent/Textures/T_Ceramic_Tile_M.uasset" 439
"../../../../../GitHub/Fire-Puzzle/FirePuzzleV1/Content/StarterContent/Textures/T_Ceramic_Tile_N.uasset" 440
"../../../../../GitHub/Fire-Puzzle/FirePuzzleV1/Content/StarterContent/Textures/T_Rock_Marble_Polished_D.uasset" 441
"../../../../../GitHub/Fire-Puzzle/FirePuzzleV1/Content/StarterContent/Materials/M_Ceramic_Tile_Checker.uasset" 442
"../../../../../GitHub/Fire-Puzzle/FirePuzzleV1/Content/StarterContent/Textures/T_CobbleStone_Pebble_D.uasset" 443
"../../../../../GitHub/Fire-Puzzle/FirePuzzleV1/Content/StarterContent/Textures/T_CobbleStone_Pebble_M.uasset" 444
"../../../../../GitHub/Fire-Puzzle/FirePuzzleV1/Content/StarterContent/Textures/T_CobbleStone_Pebble_N.uasset" 445
"../../../../../GitHub/Fire-Puzzle/FirePuzzleV1/Content/StarterContent/Materials/M_CobbleStone_Pebble.uasset" 446
"../../../../../GitHub/Fire-Puzzle/FirePuzzleV1/Content/StarterContent/Textures/T_CobbleStone_Rough_D.uasset" 447
"../../../../../GitHub/Fire-Puzzle/FirePuzzleV1/Content/StarterContent/Textures/T_CobbleStone_Rough_N.uasset" 448
"../../../../../GitHub/Fire-Puzzle/FirePuzzleV1/Content/StarterContent/Textures/T_Gradinet_01.uasset" 449
"../../../../../GitHub/Fire-Puzzle/FirePuzzleV1/Content/StarterContent/Textures/T_Rock_Smooth_Granite_D.uasset" 450
"../../../../../GitHub/Fire-Puzzle/FirePuzzleV1/Content/StarterContent/Materials/M_CobbleStone_Rough.uasset" 451
"../../../../../GitHub/Fire-Puzzle/FirePuzzleV1/Content/StarterContent/Textures/T_CobbleStone_Smooth_D.uasset" 452
"../../../../../GitHub/Fire-Puzzle/FirePuzzleV1/Content/StarterContent/Textures/T_CobbleStone_Smooth_M.uasset" 453
"../../../../../GitHub/Fire-Puzzle/FirePuzzleV1/Content/StarterContent/Textures/T_CobbleStone_Smooth_N.uasset" 454
"../../../../../GitHub/Fire-Puzzle/FirePuzzleV1/Content/StarterContent/Materials/M_CobbleStone_Smooth.uasset" 455
"../../../../../GitHub/Fire-Puzzle/FirePuzzleV1/Content/StarterContent/Textures/T_Concrete_Grime_D.uasset" 456
"../../../../../GitHub/Fire-Puzzle/FirePuzzleV1/Content/StarterContent/Textures/T_Metal_Rust_N.uasset" 457
"../../../../../GitHub/Fire-Puzzle/FirePuzzleV1/Content/StarterContent/Materials/M_Concrete_Grime.uasset" 458
"../../../../../GitHub/Fire-Puzzle/FirePuzzleV1/Content/StarterContent/Textures/T_Concrete_Panels_D.uasset" 459
"../../../../../GitHub/Fire-Puzzle/FirePuzzleV1/Content/StarterContent/Textures/T_Concrete_Panels_N.uasset" 460
"../../../../../GitHub/Fire-Puzzle/FirePuzzleV1/Content/StarterContent/Materials/M_Concrete_Panels.uasset" 461
"../../../../../GitHub/Fire-Puzzle/FirePuzzleV1/Content/StarterContent/Textures/T_Concrete_Poured_D.uasset" 462
"../../../../../GitHub/Fire-Puzzle/FirePuzzleV1/Content/StarterContent/Textures/T_Concrete_Poured_N.uasset" 463
"../../../../../GitHub/Fire-Puzzle/FirePuzzleV1/Content/StarterContent/Materials/M_Concrete_Poured.uasset" 464
"../../../../../GitHub/Fire-Puzzle/FirePuzzleV1/Content/StarterContent/Textures/T_Concrete_Tiles_D.uasset" 465
"../../../../../GitHub/Fire-Puzzle/FirePuzzleV1/Content/StarterContent/Textures/T_Concrete_Tiles_M.uasset" 466
"../../../../../GitHub/Fire-Puzzle/FirePuzzleV1/Content/StarterContent/Textures/T_Concrete_Tiles_N.uasset" 467
"../../../../../GitHub/Fire-Puzzle/FirePuzzleV1/Content/StarterContent/Textures/T_Concrete_Tiles_Variation_M.uasset" 468
"../../../../../GitHub/Fire-Puzzle/FirePuzzleV1/Content/StarterContent/Materials/M_Concrete_Tiles.uasset" 469
"../../../../../GitHub/Fire-Puzzle/FirePuzzleV1/Content/StarterContent/Textures/T_Ground_Grass_D.uasset" 470
"../../../../../GitHub/Fire-Puzzle/FirePuzzleV1/Content/StarterContent/Textures/T_Ground_Grass_N.uasset" 471
"../../../../../GitHub/Fire-Puzzle/FirePuzzleV1/Content/StarterContent/Materials/M_Ground_Grass.uasset" 472
"../../../../../GitHub/Fire-Puzzle/FirePuzzleV1/Content/StarterContent/Textures/T_Ground_Gravel_D.uasset" 473
"../../../../../GitHub/Fire-Puzzle/FirePuzzleV1/Content/StarterContent/Textures/T_Ground_Gravel_N.uasset" 474
"../../../../../GitHub/Fire-Puzzle/FirePuzzleV1/Content/StarterContent/Materials/M_Ground_Gravel.uasset" 475
"../../../../../GitHub/Fire-Puzzle/FirePuzzleV1/Content/StarterContent/Textures/T_ground_Moss_D.uasset" 476
"../../../../../GitHub/Fire-Puzzle/FirePuzzleV1/Content/StarterContent/Textures/T_Ground_Moss_N.uasset" 477
"../../../../../GitHub/Fire-Puzzle/FirePuzzleV1/Content/StarterContent/Materials/M_Ground_Moss.uasset" 478
"../../../../../GitHub/Fire-Puzzle/FirePuzzleV1/Content/StarterContent/Materials/M_Metal_Chrome.uasset" 479
"../../../../../GitHub/Fire-Puzzle/FirePuzzleV1/Content/StarterContent/Textures/T_Metal_Gold_D.uasset" 480
"../../../../../GitHub/Fire-Puzzle/FirePuzzleV1/Content/StarterContent/Materials/M_Metal_Gold.uasset" 481
"../../../../../GitHub/Fire-Puzzle/FirePuzzleV1/Content/StarterContent/Textures/T_Metal_Rust_D.uasset" 482
"../../../../../GitHub/Fire-Puzzle/FirePuzzleV1/Content/StarterContent/Materials/M_Metal_Rust.uasset" 483
"../../../../../GitHub/Fire-Puzzle/FirePuzzleV1/Content/StarterContent/Textures/T_Metal_Steel_D.uasset" 484
"../../../../../GitHub/Fire-Puzzle/FirePuzzleV1/Content/StarterContent/Textures/T_Metal_Steel_N.uasset" 485
"../../../../../GitHub/Fire-Puzzle/FirePuzzleV1/Content/StarterContent/Materials/M_Metal_Steel.uasset" 486
"../../../../../GitHub/Fire-Puzzle/FirePuzzleV1/Content/StarterContent/Textures/T_Rock_Basalt_N.uasset" 487
"../../../../../GitHub/Fire-Puzzle/FirePuzzleV1/Content/StarterContent/Materials/M_Rock_Basalt.uasset" 488
"../../../../../GitHub/Fire-Puzzle/FirePuzzleV1/Content/StarterContent/Materials/M_Rock_Marble_Polished.uasset" 489
"../../../../../GitHub/Fire-Puzzle/FirePuzzleV1/Content/StarterContent/Textures/T_Rock_Sandstone_D.uasset" 490
"../../../../../GitHub/Fire-Puzzle/FirePuzzleV1/Content/StarterContent/Textures/T_Rock_Sandstone_N.uasset" 491
"../../../../../GitHub/Fire-Puzzle/FirePuzzleV1/Content/StarterContent/Materials/M_Rock_Sandstone.uasset" 492
"../../../../../GitHub/Fire-Puzzle/FirePuzzleV1/Content/StarterContent/Textures/T_Rock_Slate_D.uasset" 493
"../../../../../GitHub/Fire-Puzzle/FirePuzzleV1/Content/StarterContent/Textures/T_Rock_Slate_N.uasset" 494
"../../../../../GitHub/Fire-Puzzle/FirePuzzleV1/Content/StarterContent/Materials/M_Rock_Slate.uasset" 495
"../../../../../GitHub/Fire-Puzzle/FirePuzzleV1/Content/StarterContent/Textures/T_Checker_Noise_M.uasset" 496
"../../../../../GitHub/Fire-Puzzle/FirePuzzleV1/Content/StarterContent/Textures/T_Single_Tile_N.uasset" 497
"../../../../../GitHub/Fire-Puzzle/FirePuzzleV1/Content/StarterContent/Textures/T_Tech_Dot_M.uasset" 498
"../../../../../GitHub/Fire-Puzzle/FirePuzzleV1/Content/StarterContent/Textures/T_Tech_Dot_N.uasset" 499
"../../../../../GitHub/Fire-Puzzle/FirePuzzleV1/Content/StarterContent/Materials/M_Tech_Checker_Dot.uasset" 500
"../../../../../GitHub/Fire-Puzzle/FirePuzzleV1/Content/StarterContent/Textures/T_Tech_Hex_Tile_M.uasset" 501
"../../../../../GitHub/Fire-Puzzle/FirePuzzleV1/Content/StarterContent/Textures/T_Tech_Hex_Tile_N.uasset" 502
"../../../../../GitHub/Fire-Puzzle/FirePuzzleV1/Content/StarterContent/Materials/M_Tech_Hex_Tile.uasset" 503
"../../../../../GitHub/Fire-Puzzle/FirePuzzleV1/Content/StarterContent/Materials/M_Tech_Hex_Tile_Pulse.uasset" 504
"../../../../../GitHub/Fire-Puzzle/FirePuzzleV1/Content/StarterContent/Textures/T_Tech_Panel_M.uasset" 505
"../../../../../GitHub/Fire-Puzzle/FirePuzzleV1/Content/StarterContent/Textures/T_Tech_Panel_N.uasset" 506
"../../../../../GitHub/Fire-Puzzle/FirePuzzleV1/Content/StarterContent/Materials/M_Tech_Panel.uasset" 507
"../../../../../GitHub/Fire-Puzzle/FirePuzzleV1/Content/StarterContent/Materials/M_Water_Lake.uasset" 508
"../../../../../GitHub/Fire-Puzzle/FirePuzzleV1/Content/StarterContent/Textures/T_Water_M.uasset" 509
"../../../../../GitHub/Fire-Puzzle/FirePuzzleV1/Content/StarterContent/Materials/M_Water_Ocean.uasset" 510
"../../../../../GitHub/Fire-Puzzle/FirePuzzleV1/Content/StarterContent/Textures/T_Wood_Floor_Walnut_D.uasset" 511
"../../../../../GitHub/Fire-Puzzle/FirePuzzleV1/Content/StarterContent/Textures/T_Wood_Floor_Walnut_M.uasset" 512
"../../../../../GitHub/Fire-Puzzle/FirePuzzleV1/Content/StarterContent/Textures/T_Wood_Floor_Walnut_N.uasset" 513
"../../../../../GitHub/Fire-Puzzle/FirePuzzleV1/Content/StarterContent/Materials/M_Wood_Floor_Walnut_Polished.uasset" 514
"../../../Engine/Content/Functions/Engine_MaterialFunctions01/Opacity/AlphaOffset.uasset" 515
"../../../../../GitHub/Fire-Puzzle/FirePuzzleV1/Content/StarterContent/Materials/M_Wood_Floor_Walnut_Worn.uasset" 516
"../../../../../GitHub/Fire-Puzzle/FirePuzzleV1/Content/StarterContent/Textures/T_Wood_Oak_D.uasset" 517
"../../../../../GitHub/Fire-Puzzle/FirePuzzleV1/Content/StarterContent/Textures/T_Wood_Oak_N.uasset" 518
"../../../../../GitHub/Fire-Puzzle/FirePuzzleV1/Content/StarterContent/Materials/M_Wood_Oak.uasset" 519
"../../../../../GitHub/Fire-Puzzle/FirePuzzleV1/Content/StarterContent/Textures/T_Wood_Pine_D.uasset" 520
"../../../../../GitHub/Fire-Puzzle/FirePuzzleV1/Content/StarterContent/Textures/T_Wood_Pine_N.uasset" 521
"../../../../../GitHub/Fire-Puzzle/FirePuzzleV1/Content/StarterContent/Materials/M_Wood_Pine.uasset" 522
"../../../../../GitHub/Fire-Puzzle/FirePuzzleV1/Content/StarterContent/Textures/T_Wood_Walnut_D.uasset" 523
"../../../../../GitHub/Fire-Puzzle/FirePuzzleV1/Content/StarterContent/Textures/T_Wood_Walnut_N.uasset" 524
"../../../../../GitHub/Fire-Puzzle/FirePuzzleV1/Content/StarterContent/Materials/M_Wood_Walnut.uasset" 525
"../../../../../GitHub/Fire-Puzzle/FirePuzzleV1/Content/StarterContent/Architecture/Wall_400x200.uasset" 526
"../../../../../GitHub/Fire-Puzzle/FirePuzzleV1/Content/StarterContent/Architecture/Wall_Door_400x300.uasset" 527
"../../../../../GitHub/Fire-Puzzle/FirePuzzleV1/Content/StarterContent/Architecture/Wall_Window_400x300.uasset" 528
"../../../../../GitHub/Fire-Puzzle/FirePuzzleV1/Content/StarterContent/Audio/Collapse_Cue.uasset" 529
"../../../../../GitHub/Fire-Puzzle/FirePuzzleV1/Content/StarterContent/Audio/Starter_Music_Cue.uasset" 530
"../../../../../GitHub/Fire-Puzzle/FirePuzzleV1/Content/StarterContent/Textures/T_Dust_Particle_D.uasset" 531
"../../../../../GitHub/Fire-Puzzle/FirePuzzleV1/Content/StarterContent/Particles/Materials/M_Dust_Particle.uasset" 532
"../../../../../GitHub/Fire-Puzzle/FirePuzzleV1/Content/StarterContent/Particles/P_Ambient_Dust.uasset" 533
"../../../../../GitHub/Fire-Puzzle/FirePuzzleV1/Content/StarterContent/Props/MaterialSphere.uasset" 534
"../../../../../GitHub/Fire-Puzzle/FirePuzzleV1/Content/StarterContent/Textures/T_Frame_M.uasset" 535
"../../../../../GitHub/Fire-Puzzle/FirePuzzleV1/Content/StarterContent/Textures/T_Frame_N.uasset" 536
"../../../../../GitHub/Fire-Puzzle/FirePuzzleV1/Content/StarterContent/Props/Materials/M_Frame.uasset" 537
"../../../../../GitHub/Fire-Puzzle/FirePuzzleV1/Content/StarterContent/Props/SM_CornerFrame.uasset" 538
"../../../../../GitHub/Fire-Puzzle/FirePuzzleV1/Content/StarterContent/Props/SM_DoorFrame.uasset" 539
"../../../../../GitHub/Fire-Puzzle/FirePuzzleV1/Content/StarterContent/Props/SM_GlassWindow.uasset" 540
"../../../../../GitHub/Fire-Puzzle/FirePuzzleV1/Content/StarterContent/Props/SM_PillarFrame.uasset" 541
"../../../../../GitHub/Fire-Puzzle/FirePuzzleV1/Content/StarterContent/Props/SM_PillarFrame300.uasset" 542
"../../../../../GitHub/Fire-Puzzle/FirePuzzleV1/Content/StarterContent/Props/SM_WindowFrame.uasset" 543
"../../../../../GitHub/Fire-Puzzle/FirePuzzleV1/Content/StarterContent/Shapes/Shape_Cube.uasset" 544
"../../../../../GitHub/Fire-Puzzle/FirePuzzleV1/Content/StarterContent/Shapes/Shape_QuadPyramid.uasset" 545
"../../../../../GitHub/Fire-Puzzle/FirePuzzleV1/Content/StarterContent/Shapes/Shape_Sphere.uasset" 546
"../../../../../GitHub/Fire-Puzzle/FirePuzzleV1/Content/StarterContent/Maps/StarterMap.umap" 547
"../../../Engine/Content/Maps/Entry_BuiltData.uasset" 548
"../../../Engine/Content/Maps/Entry.umap" 549
